<?xml version="1.0" encoding="UTF-8"?>
<testsuite name="com.mindex.challenge.ChallengeApplicationTests" tests="1" skipped="0" failures="0" errors="0" timestamp="2020-06-26T02:41:35" hostname="Chaitanyas-MacBook-Pro.local" time="0.019">
  <properties/>
  <testcase name="contextLoads" classname="com.mindex.challenge.ChallengeApplicationTests" time="0.019"/>
  <system-out><![CDATA[2020-06-25 22:41:35.153  INFO 29024 --- [    Test worker] .b.t.c.SpringBootTestContextBootstrapper : Neither @ContextConfiguration nor @ContextHierarchy found for test class [com.mindex.challenge.ChallengeApplicationTests], using SpringBootContextLoader
2020-06-25 22:41:35.153  INFO 29024 --- [    Test worker] o.s.t.c.support.AbstractContextLoader    : Could not detect default resource locations for test class [com.mindex.challenge.ChallengeApplicationTests]: no resource found for suffixes {-context.xml, Context.groovy}.
2020-06-25 22:41:35.154  INFO 29024 --- [    Test worker] t.c.s.AnnotationConfigContextLoaderUtils : Could not detect default configuration classes for test class [com.mindex.challenge.ChallengeApplicationTests]: ChallengeApplicationTests does not declare any static, non-private, non-final, nested classes annotated with @Configuration.
2020-06-25 22:41:35.154  INFO 29024 --- [    Test worker] .b.t.c.SpringBootTestContextBootstrapper : Found @SpringBootConfiguration com.mindex.challenge.ChallengeApplication for test class com.mindex.challenge.ChallengeApplicationTests
2020-06-25 22:41:35.155  INFO 29024 --- [    Test worker] .b.t.c.SpringBootTestContextBootstrapper : Loaded default TestExecutionListener class names from location [META-INF/spring.factories]: [org.springframework.boot.test.autoconfigure.restdocs.RestDocsTestExecutionListener, org.springframework.boot.test.autoconfigure.web.client.MockRestServiceServerResetTestExecutionListener, org.springframework.boot.test.autoconfigure.web.servlet.MockMvcPrintOnlyOnFailureTestExecutionListener, org.springframework.boot.test.autoconfigure.web.servlet.WebDriverTestExecutionListener, org.springframework.boot.test.mock.mockito.MockitoTestExecutionListener, org.springframework.boot.test.mock.mockito.ResetMocksTestExecutionListener, org.springframework.test.context.web.ServletTestExecutionListener, org.springframework.test.context.support.DirtiesContextBeforeModesTestExecutionListener, org.springframework.test.context.support.DependencyInjectionTestExecutionListener, org.springframework.test.context.support.DirtiesContextTestExecutionListener, org.springframework.test.context.transaction.TransactionalTestExecutionListener, org.springframework.test.context.jdbc.SqlScriptsTestExecutionListener, org.springframework.test.context.event.EventPublishingTestExecutionListener]
2020-06-25 22:41:35.156  INFO 29024 --- [    Test worker] .b.t.c.SpringBootTestContextBootstrapper : Using TestExecutionListeners: [org.springframework.test.context.web.ServletTestExecutionListener@28f178b2, org.springframework.test.context.support.DirtiesContextBeforeModesTestExecutionListener@563513eb, org.springframework.boot.test.mock.mockito.MockitoTestExecutionListener@eb0d021, org.springframework.boot.test.autoconfigure.SpringBootDependencyInjectionTestExecutionListener@4d8d46cb, org.springframework.test.context.support.DirtiesContextTestExecutionListener@6e9a8320, org.springframework.test.context.transaction.TransactionalTestExecutionListener@104e7f53, org.springframework.test.context.jdbc.SqlScriptsTestExecutionListener@187784a3, org.springframework.test.context.event.EventPublishingTestExecutionListener@3f6b3278, org.springframework.boot.test.autoconfigure.restdocs.RestDocsTestExecutionListener@5d23536, org.springframework.boot.test.autoconfigure.web.client.MockRestServiceServerResetTestExecutionListener@66856638, org.springframework.boot.test.autoconfigure.web.servlet.MockMvcPrintOnlyOnFailureTestExecutionListener@42f3b4d7, org.springframework.boot.test.autoconfigure.web.servlet.WebDriverTestExecutionListener@246da603, org.springframework.boot.test.mock.mockito.ResetMocksTestExecutionListener@30824c3d]
2020-06-25 22:41:35.159 DEBUG 29024 --- [    Test worker] c.m.c.service.impl.EmployeeServiceImpl   : Creating report of employee with id [16a596ae-edd3-4847-99fe-c4518e82c86f]
2020-06-25 22:41:35.165 DEBUG 29024 --- [    Test worker] c.m.c.service.impl.EmployeeServiceImpl   : Creating compensation [com.mindex.challenge.data.Compensation@6ebd5486]
2020-06-25 22:41:35.170  INFO 29024 --- [-server-worker2] d.b.mongo.backend.AbstractMongoDatabase  : adding unique _id index for collection compensation
2020-06-25 22:41:35.170  INFO 29024 --- [-server-worker2] d.b.mongo.backend.AbstractMongoDatabase  : created collection test.compensation
2020-06-25 22:41:35.171 DEBUG 29024 --- [    Test worker] c.m.c.service.impl.EmployeeServiceImpl   : Reading Compensation with employee id [16a596ae-edd3-4847-99fe-c4518e82c86f]
]]></system-out>
  <system-err><![CDATA[]]></system-err>
</testsuite>
